2023-06-20 [21:20:12.145] [Server thread/INFO]: Loading server configuration
2023-06-20 [21:20:12.262] [Server thread/INFO]: Выбран Русский (rus) как основной язык
2023-06-20 [21:20:12.262] [Server thread/WARNING]: ----------------------------------------
2023-06-20 [21:20:12.262] [Server thread/WARNING]: Вы запускаете РАЗРАБАТЫВАЕМУЮ сборку PocketMine-MP.
2023-06-20 [21:20:12.262] [Server thread/WARNING]: API для этой версии может быть не завершен. Плагины, которые запускаются в этой сборке, могут не работать на других сборках с той же версией API.
2023-06-20 [21:20:12.262] [Server thread/WARNING]: Эта сборка может содержать ошибки, сбои, а также повредить ваши данные или сломать ваши плагины.
2023-06-20 [21:20:12.263] [Server thread/WARNING]: ----------------------------------------
2023-06-20 [21:20:12.287] [Server thread/INFO]: Запускается сервер для Minecraft: Bedrock Edition версии v1.20.0
2023-06-20 [21:20:12.361] [Server thread/WARNING]: Онлайн режим выключен. Сервер не проверяет игроков на авторизацию в Xbox Live.
2023-06-20 [21:20:12.361] [Server thread/WARNING]: Хотя это позволяет подключаться без доступа в Интернет, он также позволяет хакерам подключаться к любому никнейму, который они выбирают.
2023-06-20 [21:20:12.362] [Server thread/WARNING]: Чтобы включить аутентификацию, установите "xbox-auth" на "true" в server.properties.
2023-06-20 [21:20:12.611] [Server thread/INFO]: Этот сервер работает под управлением PocketMine-MP версии 5.1.3+dev
2023-06-20 [21:20:12.611] [Server thread/INFO]: PocketMine-MP распространяется под LGPL лицензией
2023-06-20 [21:20:15.810] [Server thread/INFO]: Loading resource packs...
2023-06-20 [21:20:16.455] [Server thread/INFO]: Подготовка мира "world"
2023-06-20 [21:20:17.185] [Server thread/INFO]: Сетевой интерфейс Minecraft работает на 0.0.0.0:19132
2023-06-20 [21:20:17.185] [Server thread/INFO]: GS4 Query слушатель работает на 0.0.0.0:19132
2023-06-20 [21:20:17.355] [Server thread/INFO]: Сетевой интерфейс Minecraft работает на [::]:19133
2023-06-20 [21:20:17.356] [Server thread/INFO]: GS4 Query слушатель работает на [::]:19133
2023-06-20 [21:20:17.364] [Server thread/INFO]: Игровой режим по умолчанию: Режим выживания
2023-06-20 [21:20:17.364] [Server thread/INFO]: Если вы считаете этот проект полезным, рассмотрите возможность пожертвования на поддержку развития: https://patreon.com/pocketminemp
2023-06-20 [21:20:17.365] [Server thread/INFO]: Загружено (5.25 сек.)! Для справки, введите "help" или "?"
2023-06-20 [21:20:17.540] [Server thread/INFO]: [Update Checker] You're running a Beta build, but you're receiving update notifications for Stable builds.
2023-06-20 [21:20:17.541] [Server thread/INFO]: [Update Checker] To get notified about new Beta or Development builds, change 'preferred-channel' in your pocketmine.yml to 'beta' or 'development'.
